<?xml version="1.0" encoding="UTF-8"?>
<testng-results ignored="0" total="2" passed="2" failed="0" skipped="0">
  <reporter-output>
  </reporter-output>
  <suite started-at="2022-09-08T19:51:42 IST" name="Testcases.LandingPageTest" finished-at="2022-09-08T19:52:07 IST" duration-ms="24881">
    <groups>
    </groups>
    <test started-at="2022-09-08T19:51:42 IST" name="Command line test" finished-at="2022-09-08T19:52:07 IST" duration-ms="24881">
      <class name="Testcases.LandingPageTest">
        <test-method is-config="true" signature="startUp()[pri:0, instance:Testcases.LandingPageTest@448ff1a8]" started-at="2022-09-08T19:51:42 IST" name="startUp" finished-at="2022-09-08T19:51:57 IST" duration-ms="15034" status="PASS">
          <reporter-output>
          </reporter-output>
        </test-method> <!-- startUp -->
        <test-method signature="checkToolListTest()[pri:0, instance:Testcases.LandingPageTest@448ff1a8]" started-at="2022-09-08T19:51:57 IST" name="checkToolListTest" finished-at="2022-09-08T19:51:59 IST" duration-ms="1554" status="PASS">
          <reporter-output>
          </reporter-output>
        </test-method> <!-- checkToolListTest -->
        <test-method signature="openAppsTest()[pri:1, instance:Testcases.LandingPageTest@448ff1a8]" started-at="2022-09-08T19:51:59 IST" name="openAppsTest" finished-at="2022-09-08T19:52:07 IST" duration-ms="7925" status="PASS">
          <reporter-output>
          </reporter-output>
        </test-method> <!-- openAppsTest -->
        <test-method is-config="true" signature="tearDown()[pri:0, instance:Testcases.LandingPageTest@448ff1a8]" started-at="2022-09-08T19:52:07 IST" name="tearDown" finished-at="2022-09-08T19:52:07 IST" duration-ms="316" status="PASS">
          <reporter-output>
          </reporter-output>
        </test-method> <!-- tearDown -->
      </class> <!-- Testcases.LandingPageTest -->
    </test> <!-- Command line test -->
  </suite> <!-- Testcases.LandingPageTest -->
</testng-results>
