<?xml version="1.0" encoding="UTF-8"?>
<testng-results ignored="0" total="2" passed="2" failed="0" skipped="0">
  <reporter-output>
  </reporter-output>
  <suite started-at="2022-09-08T19:50:29 IST" name="Default suite" finished-at="2022-09-08T19:50:43 IST" duration-ms="13333">
    <groups>
    </groups>
    <test started-at="2022-09-08T19:50:29 IST" name="Default test" finished-at="2022-09-08T19:50:43 IST" duration-ms="13333">
      <class name="Testcases.LandingPageTest">
        <test-method is-config="true" signature="startUp()[pri:0, instance:Testcases.LandingPageTest@158d2680]" started-at="2022-09-08T19:50:29 IST" name="startUp" finished-at="2022-09-08T19:50:36 IST" duration-ms="6383" status="PASS">
          <reporter-output>
          </reporter-output>
        </test-method> <!-- startUp -->
        <test-method signature="checkToolListTest()[pri:0, instance:Testcases.LandingPageTest@158d2680]" started-at="2022-09-08T19:50:36 IST" name="checkToolListTest" finished-at="2022-09-08T19:50:37 IST" duration-ms="1019" status="PASS">
          <reporter-output>
          </reporter-output>
        </test-method> <!-- checkToolListTest -->
        <test-method signature="openAppsTest()[pri:1, instance:Testcases.LandingPageTest@158d2680]" started-at="2022-09-08T19:50:37 IST" name="openAppsTest" finished-at="2022-09-08T19:50:42 IST" duration-ms="5653" status="PASS">
          <reporter-output>
          </reporter-output>
        </test-method> <!-- openAppsTest -->
        <test-method is-config="true" signature="tearDown()[pri:0, instance:Testcases.LandingPageTest@158d2680]" started-at="2022-09-08T19:50:42 IST" name="tearDown" finished-at="2022-09-08T19:50:43 IST" duration-ms="210" status="PASS">
          <reporter-output>
          </reporter-output>
        </test-method> <!-- tearDown -->
      </class> <!-- Testcases.LandingPageTest -->
    </test> <!-- Default test -->
  </suite> <!-- Default suite -->
</testng-results>
